ZodiacAndroidApp/proguard/seeds.txt
com.deakishin.zodiac.R$anim: int abc_fade_in
com.deakishin.zodiac.R$anim: int abc_fade_out
com.deakishin.zodiac.R$anim: int abc_grow_fade_in_from_bottom
com.deakishin.zodiac.R$anim: int abc_popup_enter
com.deakishin.zodiac.R$anim: int abc_popup_exit
com.deakishin.zodiac.R$anim: int abc_shrink_fade_out_from_bottom
com.deakishin.zodiac.R$anim: int abc_slide_in_bottom
com.deakishin.zodiac.R$anim: int abc_slide_in_top
com.deakishin.zodiac.R$anim: int abc_slide_out_bottom
com.deakishin.zodiac.R$anim: int abc_slide_out_top
com.deakishin.zodiac.R$anim: int design_bottom_sheet_slide_in
com.deakishin.zodiac.R$anim: int design_bottom_sheet_slide_out
com.deakishin.zodiac.R$anim: int design_fab_in
com.deakishin.zodiac.R$anim: int design_fab_out
com.deakishin.zodiac.R$anim: int design_snackbar_in
com.deakishin.zodiac.R$anim: int design_snackbar_out
com.deakishin.zodiac.R$attr: int actionBarDivider
com.deakishin.zodiac.R$attr: int actionBarItemBackground
com.deakishin.zodiac.R$attr: int actionBarPopupTheme
com.deakishin.zodiac.R$attr: int actionBarSize
com.deakishin.zodiac.R$attr: int actionBarSplitStyle
com.deakishin.zodiac.R$attr: int actionBarStyle
com.deakishin.zodiac.R$attr: int actionBarTabBarStyle
com.deakishin.zodiac.R$attr: int actionBarTabStyle
com.deakishin.zodiac.R$attr: int actionBarTabTextStyle
com.deakishin.zodiac.R$attr: int actionBarTheme
com.deakishin.zodiac.R$attr: int actionBarWidgetTheme
com.deakishin.zodiac.R$attr: int actionButtonStyle
com.deakishin.zodiac.R$attr: int actionDropDownStyle
com.deakishin.zodiac.R$attr: int actionLayout
com.deakishin.zodiac.R$attr: int actionMenuTextAppearance
com.deakishin.zodiac.R$attr: int actionMenuTextColor
com.deakishin.zodiac.R$attr: int actionModeBackground
com.deakishin.zodiac.R$attr: int actionModeCloseButtonStyle
com.deakishin.zodiac.R$attr: int actionModeCloseDrawable
com.deakishin.zodiac.R$attr: int actionModeCopyDrawable
com.deakishin.zodiac.R$attr: int actionModeCutDrawable
com.deakishin.zodiac.R$attr: int actionModeFindDrawable
com.deakishin.zodiac.R$attr: int actionModePasteDrawable
com.deakishin.zodiac.R$attr: int actionModePopupWindowStyle
com.deakishin.zodiac.R$attr: int actionModeSelectAllDrawable
com.deakishin.zodiac.R$attr: int actionModeShareDrawable
com.deakishin.zodiac.R$attr: int actionModeSplitBackground
com.deakishin.zodiac.R$bool: int abc_action_bar_embed_tabs
com.deakishin.zodiac.R$bool: int abc_action_bar_embed_tabs_pre_jb
com.deakishin.zodiac.R$bool: int abc_action_bar_expanded_action_views_exclusive
com.deakishin.zodiac.R$bool: int abc_allow_stacked_button_bar
com.deakishin.zodiac.R$bool: int abc_config_actionMenuItemAllCaps
com.deakishin.zodiac.R$bool: int abc_config_allowActionMenuItemTextWithIcon
com.deakishin.zodiac.R$bool: int abc_config_closeDialogWhenTouchOutside
com.deakishin.zodiac.R$bool: int abc_config_showMenuShortcutsWhenKeyboardPresent
...
android.support.design.widget.CoordinatorLayout$SavedState
android.support.design.widget.CoordinatorLayout$SavedState: android.os.Parcelable$Creator CREATOR
android.support.design.widget.FloatingActionButton
android.support.design.widget.FloatingActionButton: FloatingActionButton(android.content.Context)
android.support.design.widget.FloatingActionButton: FloatingActionButton(android.content.Context,android.util.AttributeSet)
android.support.design.widget.FloatingActionButton: FloatingActionButton(android.content.Context,android.util.AttributeSet,int)
android.support.design.widget.FloatingActionButton: void setRippleColor(int)
android.support.design.widget.FloatingActionButton: android.content.res.ColorStateList getBackgroundTintList()
android.support.design.widget.FloatingActionButton: void setBackgroundTintList(android.content.res.ColorStateList)
android.support.design.widget.FloatingActionButton: android.graphics.PorterDuff$Mode getBackgroundTintMode()
android.support.design.widget.FloatingActionButton: void setBackgroundTintMode(android.graphics.PorterDuff$Mode)
android.support.design.widget.FloatingActionButton: void setBackgroundDrawable(android.graphics.drawable.Drawable)
android.support.design.widget.FloatingActionButton: void setBackgroundResource(int)
android.support.design.widget.FloatingActionButton: void setBackgroundColor(int)
android.support.design.widget.FloatingActionButton: void setImageResource(int)
android.support.design.widget.FloatingActionButton: void setUseCompatPadding(boolean)
android.support.design.widget.FloatingActionButton: boolean getUseCompatPadding()
android.support.design.widget.NavigationView
android.support.design.widget.NavigationView: NavigationView(android.content.Context)
android.support.design.widget.NavigationView: NavigationView(android.content.Context,android.util.AttributeSet)
android.support.design.widget.NavigationView: NavigationView(android.content.Context,android.util.AttributeSet,int)
android.support.design.widget.NavigationView: void setNavigationItemSelectedListener(android.support.design.widget.NavigationView$OnNavigationItemSelectedListener)
android.support.design.widget.NavigationView: android.view.Menu getMenu()
android.support.design.widget.NavigationView: int getHeaderCount()
android.support.design.widget.NavigationView: android.content.res.ColorStateList getItemIconTintList()
android.support.design.widget.NavigationView: void setItemIconTintList(android.content.res.ColorStateList)
android.support.design.widget.NavigationView: android.content.res.ColorStateList getItemTextColor()
android.support.design.widget.NavigationView: void setItemTextColor(android.content.res.ColorStateList)
android.support.design.widget.NavigationView: android.graphics.drawable.Drawable getItemBackground()
android.support.design.widget.NavigationView: void setItemBackgroundResource(int)
android.support.design.widget.NavigationView: void setItemBackground(android.graphics.drawable.Drawable)
android.support.design.widget.NavigationView: void setCheckedItem(int)
android.support.design.widget.NavigationView$SavedState
android.support.design.widget.NavigationView$SavedState: android.os.Parcelable$Creator CREATOR