ZodiacAndroidApp/proguard/mapping.txt
com.deakishin.zodiac.cipherboardendpoint.Cipherboardendpoint -> com.deakishin.zodiac.a.a:
    void initialize(com.google.api.client.googleapis.services.AbstractGoogleClientRequest) -> a
    com.deakishin.zodiac.cipherboardendpoint.Cipherboardendpoint$AddCipher addCipher(java.lang.Long,com.deakishin.zodiac.cipherboardendpoint.model.DTOCipherToAdd) -> a
    com.deakishin.zodiac.cipherboardendpoint.Cipherboardendpoint$AddUser addUser(java.lang.String,java.lang.String) -> a
    com.deakishin.zodiac.cipherboardendpoint.Cipherboardendpoint$ChangeUserAvatarMarkup changeUserAvatarMarkup(java.lang.Long) -> a
    com.deakishin.zodiac.cipherboardendpoint.Cipherboardendpoint$CheckSolution checkSolution(java.lang.Long,java.lang.Long,java.lang.String) -> a
    com.deakishin.zodiac.cipherboardendpoint.Cipherboardendpoint$GetCiphers getCiphers() -> a
    com.deakishin.zodiac.cipherboardendpoint.Cipherboardendpoint$GetTopUsers getTopUsers(java.lang.Integer) -> a
    com.deakishin.zodiac.cipherboardendpoint.Cipherboardendpoint$GetUser getUser(java.lang.String,java.lang.String) -> b
    com.deakishin.zodiac.cipherboardendpoint.Cipherboardendpoint$GetUserStats getUserStats(java.lang.Long) -> b
    com.deakishin.zodiac.cipherboardendpoint.Cipherboardendpoint$IncreaseSolvingCount increaseSolvingCount(java.lang.Long) -> c
com.deakishin.zodiac.cipherboardendpoint.Cipherboardendpoint$AddCipher -> com.deakishin.zodiac.a.b:
    java.lang.Long userId -> userId
    com.deakishin.zodiac.cipherboardendpoint.Cipherboardendpoint this$0 -> a
    com.deakishin.zodiac.cipherboardendpoint.Cipherboardendpoint$AddCipher set(java.lang.String,java.lang.Object) -> a
    com.deakishin.zodiac.cipherboardendpoint.CipherboardendpointRequest set(java.lang.String,java.lang.Object) -> b
com.deakishin.zodiac.cipherboardendpoint.Cipherboardendpoint$AddUser -> com.deakishin.zodiac.a.c:
    java.lang.String username -> username
    java.lang.String password -> password
    com.deakishin.zodiac.cipherboardendpoint.Cipherboardendpoint this$0 -> a
    com.deakishin.zodiac.cipherboardendpoint.Cipherboardendpoint$AddUser set(java.lang.String,java.lang.Object) -> a
    com.deakishin.zodiac.cipherboardendpoint.CipherboardendpointRequest set(java.lang.String,java.lang.Object) -> b
com.deakishin.zodiac.cipherboardendpoint.Cipherboardendpoint$Builder -> com.deakishin.zodiac.a.d:
    com.deakishin.zodiac.cipherboardendpoint.Cipherboardendpoint build() -> a
    com.deakishin.zodiac.cipherboardendpoint.Cipherboardendpoint$Builder setRootUrl(java.lang.String) -> a
    com.deakishin.zodiac.cipherboardendpoint.Cipherboardendpoint$Builder setServicePath(java.lang.String) -> b
    com.deakishin.zodiac.cipherboardendpoint.Cipherboardendpoint$Builder setApplicationName(java.lang.String) -> c
    com.deakishin.zodiac.cipherboardendpoint.Cipherboardendpoint$Builder setGoogleClientRequestInitializer(com.google.api.client.googleapis.services.GoogleClientRequestInitializer) -> a
    com.google.api.client.googleapis.services.json.AbstractGoogleJsonClient$Builder setApplicationName(java.lang.String) -> d
    com.google.api.client.googleapis.services.json.AbstractGoogleJsonClient$Builder setRootUrl(java.lang.String) -> e
    com.google.api.client.googleapis.services.json.AbstractGoogleJsonClient$Builder setGoogleClientRequestInitializer(com.google.api.client.googleapis.services.GoogleClientRequestInitializer) -> b
    com.google.api.client.googleapis.services.json.AbstractGoogleJsonClient$Builder setServicePath(java.lang.String) -> f
...
com.fasterxml.jackson.core.sym.BytesToNameCanonicalizer$TableInfo -> com.a.a.a.d.c:
    int count -> a
    int mainHashMask -> b
    int[] mainHash -> c
    com.fasterxml.jackson.core.sym.Name[] mainNames -> d
    com.fasterxml.jackson.core.sym.BytesToNameCanonicalizer$Bucket[] collList -> e
    int collCount -> f
    int collEnd -> g
    int longestCollisionList -> h
com.fasterxml.jackson.core.sym.CharsToNameCanonicalizer -> com.a.a.a.d.d:
    com.fasterxml.jackson.core.sym.CharsToNameCanonicalizer sBootstrapSymbolTable -> a
    com.fasterxml.jackson.core.sym.CharsToNameCanonicalizer _parent -> b
    int _hashSeed -> l
    boolean _intern -> c
    boolean _canonicalize -> d
    java.lang.String[] _symbols -> e
    com.fasterxml.jackson.core.sym.CharsToNameCanonicalizer$Bucket[] _buckets -> f
    int _size -> g
    int _sizeThreshold -> h
    int _indexMask -> i
    int _longestCollisionList -> j
    boolean _dirty -> k
    com.fasterxml.jackson.core.sym.CharsToNameCanonicalizer createRoot() -> a
    com.fasterxml.jackson.core.sym.CharsToNameCanonicalizer createRoot(int) -> a
    void initTables(int) -> d
    int _thresholdSize(int) -> e
    com.fasterxml.jackson.core.sym.CharsToNameCanonicalizer makeChild(boolean,boolean) -> a
    com.fasterxml.jackson.core.sym.CharsToNameCanonicalizer makeOrphan(int) -> f
    void mergeChild(com.fasterxml.jackson.core.sym.CharsToNameCanonicalizer) -> a
    void release() -> b
    int size() -> c
    boolean maybeDirty() -> d
    int hashSeed() -> e
    java.lang.String findSymbol(char[],int,int,int) -> a
    int _hashToIndex(int) -> b
    int calcHash(char[],int,int) -> a
    int calcHash(java.lang.String) -> a
    void copyArrays() -> f
    void rehash() -> g
    void reportTooManyCollisions(int) -> c
com.fasterxml.jackson.core.sym.CharsToNameCanonicalizer$Bucket -> com.a.a.a.d.e:
    java.lang.String _symbol -> a
    com.fasterxml.jackson.core.sym.CharsToNameCanonicalizer$Bucket _next -> b
    int _length -> c
    java.lang.String getSymbol() -> a
    com.fasterxml.jackson.core.sym.CharsToNameCanonicalizer$Bucket getNext() -> b
    int length() -> c
    java.lang.String find(char[],int,int) -> a
com.fasterxml.jackson.core.sym.Name -> com.a.a.a.d.f:
    java.lang.String _name -> a
    int _hashCode -> b
    java.lang.String getName() -> a
    boolean equals(int) -> a
    boolean equals(int,int) -> a
    boolean equals(int[],int) -> a
    java.lang.String toString() -> toString
    int hashCode() -> hashCode
    boolean equals(java.lang.Object) -> equals
com.fasterxml.jackson.core.sym.Name1 -> com.a.a.a.d.g:
    com.fasterxml.jackson.core.sym.Name1 sEmptyName -> c
    int mQuad -> d
    com.fasterxml.jackson.core.sym.Name1 getEmptyName() -> b
    boolean equals(int) -> a
    boolean equals(int,int) -> a
    boolean equals(int[],int) -> a
com.fasterxml.jackson.core.sym.Name2 -> com.a.a.a.d.h:
    int mQuad1 -> c
    int mQuad2 -> d
    boolean equals(int) -> a
    boolean equals(int,int) -> a
    boolean equals(int[],int) -> a
com.fasterxml.jackson.core.sym.Name3 -> com.a.a.a.d.i:
    int mQuad1 -> c
    int mQuad2 -> d
    int mQuad3 -> e
    boolean equals(int) -> a
    boolean equals(int,int) -> a
    boolean equals(int[],int) -> a
com.fasterxml.jackson.core.sym.NameN -> com.a.a.a.d.j:
    int[] mQuads -> c
    int mQuadLen -> d
    boolean equals(int) -> a
    boolean equals(int,int) -> a
    boolean equals(int[],int) -> a