ZodiacAndroidApp/proguard/usage.txt
com.deakishin.zodiac.BuildConfig
com.deakishin.zodiac.R
com.deakishin.zodiac.R$anim
com.deakishin.zodiac.R$attr
com.deakishin.zodiac.R$bool
com.deakishin.zodiac.R$color
com.deakishin.zodiac.R$dimen
com.deakishin.zodiac.R$drawable
com.deakishin.zodiac.R$id
com.deakishin.zodiac.R$integer
com.deakishin.zodiac.R$layout
com.deakishin.zodiac.R$menu
com.deakishin.zodiac.R$string
com.deakishin.zodiac.R$style
com.deakishin.zodiac.R$styleable
com.deakishin.zodiac.R$xml
com.deakishin.zodiac.cipherboardendpoint.Cipherboardendpoint:
    public static final java.lang.String DEFAULT_ROOT_URL
    public static final java.lang.String DEFAULT_SERVICE_PATH
    public static final java.lang.String DEFAULT_BASE_URL
    104:105:public Cipherboardendpoint(com.google.api.client.http.HttpTransport,com.google.api.client.json.JsonFactory,com.google.api.client.http.HttpRequestInitializer)
    225:227:public com.deakishin.zodiac.cipherboardendpoint.Cipherboardendpoint$AddLike addLike(java.lang.Long,java.lang.Long,java.lang.Boolean)
    463:465:public com.deakishin.zodiac.cipherboardendpoint.Cipherboardendpoint$ChangeSettingsMaxSolvedCount changeSettingsMaxSolvedCount(java.lang.String,java.lang.Integer)
    811:813:public com.deakishin.zodiac.cipherboardendpoint.Cipherboardendpoint$DeleteCipher deleteCipher(java.lang.Long,java.lang.String)
    921:923:public com.deakishin.zodiac.cipherboardendpoint.Cipherboardendpoint$FlushDeleted flushDeleted(java.lang.String)
    1637:1639:public com.deakishin.zodiac.cipherboardendpoint.Cipherboardendpoint$RebuildUsersRatingsByDifficulty rebuildUsersRatingsByDifficulty(java.lang.String)
    1730:1732:public com.deakishin.zodiac.cipherboardendpoint.Cipherboardendpoint$UpdateStoredCiphers updateStoredCiphers(java.lang.String)
com.deakishin.zodiac.cipherboardendpoint.Cipherboardendpoint$AddCipher:
    private static final java.lang.String REST_PATH
    159:159:public com.deakishin.zodiac.cipherboardendpoint.Cipherboardendpoint$AddCipher setAlt(java.lang.String)
    164:164:public com.deakishin.zodiac.cipherboardendpoint.Cipherboardendpoint$AddCipher setFields(java.lang.String)
    169:169:public com.deakishin.zodiac.cipherboardendpoint.Cipherboardendpoint$AddCipher setKey(java.lang.String)
    174:174:public com.deakishin.zodiac.cipherboardendpoint.Cipherboardendpoint$AddCipher setOauthToken(java.lang.String)
    179:179:public com.deakishin.zodiac.cipherboardendpoint.Cipherboardendpoint$AddCipher setPrettyPrint(java.lang.Boolean)
    184:184:public com.deakishin.zodiac.cipherboardendpoint.Cipherboardendpoint$AddCipher setQuotaUser(java.lang.String)
    189:189:public com.deakishin.zodiac.cipherboardendpoint.Cipherboardendpoint$AddCipher setUserIp(java.lang.String)
    199:199:public java.lang.Long getUserId()
    203:204:public com.deakishin.zodiac.cipherboardendpoint.Cipherboardendpoint$AddCipher setUserId(java.lang.Long)
    1:1:public bridge synthetic com.deakishin.zodiac.cipherboardendpoint.CipherboardendpointRequest setAlt(java.lang.String)
    1:1:public bridge synthetic com.deakishin.zodiac.cipherboardendpoint.CipherboardendpointRequest setPrettyPrint(java.lang.Boolean)
com.deakishin.zodiac.cipherboardendpoint.Cipherboardendpoint$AddLike
...
android.support.v4.media.session.MediaSessionCompatApi23$CallbackProxy
android.support.v4.media.session.MediaSessionCompatApi8
android.support.v4.media.session.ParcelableVolumeInfo
android.support.v4.media.session.ParcelableVolumeInfo$1
android.support.v4.media.session.PlaybackStateCompat
android.support.v4.media.session.PlaybackStateCompat$1
android.support.v4.media.session.PlaybackStateCompat$Actions
android.support.v4.media.session.PlaybackStateCompat$Builder
android.support.v4.media.session.PlaybackStateCompat$CustomAction
android.support.v4.media.session.PlaybackStateCompat$CustomAction$1
android.support.v4.media.session.PlaybackStateCompat$CustomAction$Builder
android.support.v4.media.session.PlaybackStateCompat$State
android.support.v4.media.session.PlaybackStateCompatApi21
android.support.v4.media.session.PlaybackStateCompatApi21$CustomAction
android.support.v4.media.session.PlaybackStateCompatApi22
android.support.v4.net.ConnectivityManagerCompat
android.support.v4.net.ConnectivityManagerCompat$BaseConnectivityManagerCompatImpl
android.support.v4.net.ConnectivityManagerCompat$ConnectivityManagerCompatImpl
android.support.v4.net.ConnectivityManagerCompat$GingerbreadConnectivityManagerCompatImpl
android.support.v4.net.ConnectivityManagerCompat$HoneycombMR2ConnectivityManagerCompatImpl
android.support.v4.net.ConnectivityManagerCompat$JellyBeanConnectivityManagerCompatImpl
android.support.v4.net.ConnectivityManagerCompatGingerbread
android.support.v4.net.ConnectivityManagerCompatHoneycombMR2
android.support.v4.net.ConnectivityManagerCompatJellyBean
android.support.v4.net.TrafficStatsCompat
android.support.v4.net.TrafficStatsCompat$1
android.support.v4.net.TrafficStatsCompat$BaseTrafficStatsCompatImpl
android.support.v4.net.TrafficStatsCompat$BaseTrafficStatsCompatImpl$1
android.support.v4.net.TrafficStatsCompat$BaseTrafficStatsCompatImpl$SocketTags
android.support.v4.net.TrafficStatsCompat$IcsTrafficStatsCompatImpl
android.support.v4.net.TrafficStatsCompat$TrafficStatsCompatImpl
android.support.v4.net.TrafficStatsCompatIcs
android.support.v4.os.AsyncTaskCompat:
    54:54:private AsyncTaskCompat()
android.support.v4.os.AsyncTaskCompatHoneycomb:
    24:24:AsyncTaskCompatHoneycomb()
android.support.v4.os.CancellationSignal
android.support.v4.os.CancellationSignal$OnCancelListener
android.support.v4.os.CancellationSignalCompatJellybean
android.support.v4.os.EnvironmentCompat
android.support.v4.os.EnvironmentCompatKitKat
android.support.v4.os.IResultReceiver
android.support.v4.os.IResultReceiver$Stub
android.support.v4.os.IResultReceiver$Stub$Proxy
android.support.v4.os.OperationCanceledException
android.support.v4.os.ParcelableCompat:
    60:60:private ParcelableCompat()
android.support.v4.os.ParcelableCompatCreatorHoneycombMR2Stub:
    22:22:ParcelableCompatCreatorHoneycombMR2Stub()
android.support.v4.os.ResultReceiver
android.support.v4.os.ResultReceiver$1
android.support.v4.os.ResultReceiver$MyResultReceiver
android.support.v4.os.ResultReceiver$MyRunnable
android.support.v4.os.TraceCompat:
    61:61:private TraceCompat()
android.support.v4.os.TraceJellybeanMR2:
    18:18:TraceJellybeanMR2()
android.support.v4.print.PrintHelper
android.support.v4.print.PrintHelper$1
android.support.v4.print.PrintHelper$OnPrintFinishCallback
android.support.v4.print.PrintHelper$PrintHelperKitkatImpl
android.support.v4.print.PrintHelper$PrintHelperKitkatImpl$1
android.support.v4.print.PrintHelper$PrintHelperKitkatImpl$2
android.support.v4.print.PrintHelper$PrintHelperStubImpl
android.support.v4.print.PrintHelper$PrintHelperVersionImpl
android.support.v4.print.PrintHelperKitkat
android.support.v4.print.PrintHelperKitkat$1
android.support.v4.print.PrintHelperKitkat$2
android.support.v4.print.PrintHelperKitkat$2$1
android.support.v4.print.PrintHelperKitkat$2$1$1
android.support.v4.print.PrintHelperKitkat$OnPrintFinishCallback
android.support.v4.provider.DocumentFile
android.support.v4.provider.DocumentsContractApi19